Virtual Reality/Temp/gradleOut/launcher/build/intermediates/manifest_merge_blame_file/release/manifest-merger-blame-release-report.txt
1<?xml version="1.0" encoding="utf-8"?>
2<!-- GENERATED BY UNITY. REMOVE THIS COMMENT TO PREVENT OVERWRITING WHEN EXPORTING AGAIN -->
3<manifest xmlns:android="http://schemas.android.com/apk/res/android"
4    package="com.DefaultCompany.VirtualReality"
5    android:installLocation="preferExternal"
6    android:versionCode="1"
7    android:versionName="0.1" >
8
9    <uses-sdk
10        android:minSdkVersion="19"
10-->src/main/AndroidManifest.xml
11        android:targetSdkVersion="28" />
11-->src/main/AndroidManifest.xml
12
13    <supports-screens
13-->src/main/AndroidManifest.xml:4:3-163
14        android:anyDensity="true"
14-->src/main/AndroidManifest.xml:4:135-160
15        android:largeScreens="true"
15-->src/main/AndroidManifest.xml:4:78-105
16        android:normalScreens="true"
16-->src/main/AndroidManifest.xml:4:49-77
17        android:smallScreens="true"
17-->src/main/AndroidManifest.xml:4:21-48
18        android:xlargeScreens="true" />
18-->src/main/AndroidManifest.xml:4:106-134
19
20    <uses-feature
20-->[:unityLibrary] AndroidManifest.xml:13:5-54
21        android:glEsVersion="0x00020000"
21-->[:unityLibrary] AndroidManifest.xml:13:19-51
22        android:required="true" />
22-->[:sdk:] AndroidManifest.xml:13:9-32
23
24    <uses-permission android:name="android.permission.INTERNET" />
24-->[:unityLibrary] AndroidManifest.xml:15:5-67
24-->[:unityLibrary] AndroidManifest.xml:15:22-64
25
26    <uses-feature
26-->[:unityLibrary] AndroidManifest.xml:17:5-19:36
27        android:name="android.hardware.touchscreen"
27-->[:unityLibrary] AndroidManifest.xml:18:9-52
28        android:required="false" />
28-->[:unityLibrary] AndroidManifest.xml:19:9-33
29    <uses-feature
29-->[:unityLibrary] AndroidManifest.xml:20:5-22:36
30        android:name="android.hardware.touchscreen.multitouch"
30-->[:unityLibrary] AndroidManifest.xml:21:9-63
31        android:required="false" />
31-->[:unityLibrary] AndroidManifest.xml:22:9-33
32    <uses-feature
32-->[:unityLibrary] AndroidManifest.xml:23:5-25:36
33        android:name="android.hardware.touchscreen.multitouch.distinct"
33-->[:unityLibrary] AndroidManifest.xml:24:9-72
34        android:required="false" />
34-->[:unityLibrary] AndroidManifest.xml:25:9-33
35
36    <uses-permission android:name="android.permission.CAMERA" />
36-->[:sdk:] AndroidManifest.xml:15:5-65
36-->[:sdk:] AndroidManifest.xml:15:22-62
37    <uses-permission android:name="android.permission.WRITE_EXTERNAL_STORAGE" />
37-->[:sdk:] AndroidManifest.xml:16:5-81
37-->[:sdk:] AndroidManifest.xml:16:22-78
38    <uses-permission android:name="android.permission.NFC" />
38-->[:sdk:] AndroidManifest.xml:18:5-62
38-->[:sdk:] AndroidManifest.xml:18:22-59
39
40    <application
40-->src/main/AndroidManifest.xml:5:3-116
41        android:appComponentFactory="android.support.v4.app.CoreComponentFactory"
41-->[com.android.support:support-compat:28.0.0] AndroidManifest.xml:22:18-91
42        android:extractNativeLibs="true"
42-->src/main/AndroidManifest.xml:5:16-48
43        android:icon="@mipmap/app_icon"
43-->src/main/AndroidManifest.xml:5:82-113
44        android:label="@string/app_name"
44-->src/main/AndroidManifest.xml:5:49-81
45        android:supportsRtl="true" >
45-->[:sdk:] AndroidManifest.xml:20:18-44
46        <activity
46-->[:unityLibrary] AndroidManifest.xml:28:9-47:20
47            android:name="com.unity3d.player.UnityPlayerActivity"
47-->[:unityLibrary] AndroidManifest.xml:29:13-66
48            android:configChanges="mcc|mnc|locale|touchscreen|keyboard|keyboardHidden|navigation|orientation|screenLayout|uiMode|screenSize|smallestScreenSize|fontScale|layoutDirection|density"
48-->[:unityLibrary] AndroidManifest.xml:30:13-194
49            android:hardwareAccelerated="false"
49-->[:unityLibrary] AndroidManifest.xml:31:13-48
50            android:launchMode="singleTask"
50-->[:unityLibrary] AndroidManifest.xml:32:13-44
51            android:screenOrientation="landscape"
51-->[:unityLibrary] AndroidManifest.xml:33:13-50
52            android:theme="@style/UnityThemeSelector" >
52-->[:unityLibrary] AndroidManifest.xml:34:13-54
53            <intent-filter>
53-->[:unityLibrary] AndroidManifest.xml:35:13-39:29
54                <action android:name="android.intent.action.MAIN" />
54-->[:unityLibrary] AndroidManifest.xml:36:17-69
54-->[:unityLibrary] AndroidManifest.xml:36:25-66
55
56                <category android:name="android.intent.category.LAUNCHER" />
56-->[:unityLibrary] AndroidManifest.xml:38:17-77
56-->[:unityLibrary] AndroidManifest.xml:38:27-74
57            </intent-filter>
58
59            <meta-data
59-->[:unityLibrary] AndroidManifest.xml:41:13-43:40
60                android:name="unityplayer.UnityActivity"
60-->[:unityLibrary] AndroidManifest.xml:42:17-57
61                android:value="true" />
61-->[:unityLibrary] AndroidManifest.xml:43:17-37
62            <meta-data
62-->[:unityLibrary] AndroidManifest.xml:44:13-46:40
63                android:name="android.notch_support"
63-->[:unityLibrary] AndroidManifest.xml:45:17-53
64                android:value="true" />
64-->[:unityLibrary] AndroidManifest.xml:46:17-37
65        </activity>
66
67        <meta-data
67-->[:unityLibrary] AndroidManifest.xml:49:9-51:33
68            android:name="unity.splash-mode"
68-->[:unityLibrary] AndroidManifest.xml:50:13-45
69            android:value="0" />
69-->[:unityLibrary] AndroidManifest.xml:51:13-30
70        <meta-data
70-->[:unityLibrary] AndroidManifest.xml:52:9-54:36
71            android:name="unity.splash-enable"
71-->[:unityLibrary] AndroidManifest.xml:53:13-47
72            android:value="True" />
72-->[:unityLibrary] AndroidManifest.xml:54:13-33
73        <meta-data
73-->[:unityLibrary] AndroidManifest.xml:55:9-57:50
74            android:name="notch.config"
74-->[:unityLibrary] AndroidManifest.xml:56:13-40
75            android:value="portrait|landscape" />
75-->[:unityLibrary] AndroidManifest.xml:57:13-47
76        <meta-data
76-->[:unityLibrary] AndroidManifest.xml:58:9-60:68
77            android:name="unity.build-id"
77-->[:unityLibrary] AndroidManifest.xml:59:13-42
78            android:value="7e3cadf6-5ae0-4f78-afdd-54cf4affec46" />
78-->[:unityLibrary] AndroidManifest.xml:60:13-65
79
80        <activity
80-->[com.google.android.gms:play-services-base:15.0.1] AndroidManifest.xml:23:9-26:75
81            android:name="com.google.android.gms.common.api.GoogleApiActivity"
81-->[com.google.android.gms:play-services-base:15.0.1] AndroidManifest.xml:24:13-79
82            android:exported="false"
82-->[com.google.android.gms:play-services-base:15.0.1] AndroidManifest.xml:25:13-37
83            android:theme="@android:style/Theme.Translucent.NoTitleBar" />
83-->[com.google.android.gms:play-services-base:15.0.1] AndroidManifest.xml:26:13-72
84
85        <meta-data
85-->[com.google.android.gms:play-services-basement:15.0.1] AndroidManifest.xml:23:9-25:69
86            android:name="com.google.android.gms.version"
86-->[com.google.android.gms:play-services-basement:15.0.1] AndroidManifest.xml:24:13-58
87            android:value="@integer/google_play_services_version" />
87-->[com.google.android.gms:play-services-basement:15.0.1] AndroidManifest.xml:25:13-66
88
89        <activity
89-->[:sdk:] AndroidManifest.xml:21:9-25:66
90            android:name="com.google.cardboard.sdk.QrCodeCaptureActivity"
90-->[:sdk:] AndroidManifest.xml:22:13-74
91            android:exported="false"
91-->[:sdk:] AndroidManifest.xml:23:13-37
92            android:label="@string/title_activity_qr_code_capture"
92-->[:sdk:] AndroidManifest.xml:24:13-67
93            android:theme="@style/Theme.AppCompat.NoActionBar" />
93-->[:sdk:] AndroidManifest.xml:25:13-63
94        <!--
95          Activity whose sole purpose is to update Cardboard device params when a Cardboard V1
96          NFC tag is detected.
97        -->
98        <activity
98-->[:sdk:] AndroidManifest.xml:31:9-44:20
99            android:name="com.google.cardboard.sdk.HeadsetDetectionActivity"
99-->[:sdk:] AndroidManifest.xml:32:13-77
100            android:exported="true"
100-->[:sdk:] AndroidManifest.xml:33:13-36
101            android:label="@string/headset_detection_activity_title" >
101-->[:sdk:] AndroidManifest.xml:34:13-69
102
103            <!-- Handles the Cardboard V1 NFC tag released at Google I/O 2014. -->
104            <intent-filter>
104-->[:sdk:] AndroidManifest.xml:37:13-43:29
105                <action android:name="android.nfc.action.NDEF_DISCOVERED" />
105-->[:sdk:] AndroidManifest.xml:38:17-77
105-->[:sdk:] AndroidManifest.xml:38:25-74
106
107                <category android:name="android.intent.category.DEFAULT" />
107-->[:sdk:] AndroidManifest.xml:40:17-76
107-->[:sdk:] AndroidManifest.xml:40:27-73
108
109                <data android:scheme="cardboard" />
109-->[:sdk:] AndroidManifest.xml:42:17-52
109-->[:sdk:] AndroidManifest.xml:42:23-49
110            </intent-filter>
111        </activity>
112    </application>
113
114</manifest>